<?xml version="1.0" encoding="UTF-8" ?>
<testsuite tests="50" failures="1" name="TestSuite" time="0.877" errors="0" skipped="49">
  <properties>
    <property name="idea.version" value="2018.2.4"/>
    <property name="java.runtime.name" value="Java(TM) SE Runtime Environment"/>
    <property name="sun.boot.library.path" value="/Library/Java/JavaVirtualMachines/jdk1.8.0_131.jdk/Contents/Home/jre/lib"/>
    <property name="java.vm.version" value="25.131-b11"/>
    <property name="gopherProxySet" value="false"/>
    <property name="java.vm.vendor" value="Oracle Corporation"/>
    <property name="maven.multiModuleProjectDirectory" value="/Users/Paru/Desktop/MY/MobileFramework/UICatalog"/>
    <property name="java.vendor.url" value="http://java.oracle.com/"/>
    <property name="path.separator" value=":"/>
    <property name="guice.disable.misplaced.annotation.check" value="true"/>
    <property name="java.vm.name" value="Java HotSpot(TM) 64-Bit Server VM"/>
    <property name="file.encoding.pkg" value="sun.io"/>
    <property name="user.country" value="US"/>
    <property name="sun.java.launcher" value="SUN_STANDARD"/>
    <property name="sun.os.patch.level" value="unknown"/>
    <property name="java.vm.specification.name" value="Java Virtual Machine Specification"/>
    <property name="user.dir" value="/Users/Paru/Desktop/MY/MobileFramework/UICatalog"/>
    <property name="java.runtime.version" value="1.8.0_131-b11"/>
    <property name="java.awt.graphicsenv" value="sun.awt.CGraphicsEnvironment"/>
    <property name="java.endorsed.dirs" value="/Library/Java/JavaVirtualMachines/jdk1.8.0_131.jdk/Contents/Home/jre/lib/endorsed"/>
    <property name="os.arch" value="x86_64"/>
    <property name="java.io.tmpdir" value="/var/folders/1_/p89x9j8d59z__b8_s0zj60m00000gn/T/"/>
    <property name="line.separator" value="
"/>
    <property name="java.vm.specification.vendor" value="Oracle Corporation"/>
    <property name="os.name" value="Mac OS X"/>
    <property name="classworlds.conf" value="/Applications/IntelliJ IDEA CE.app/Contents/plugins/maven/lib/maven3/bin/m2.conf"/>
    <property name="sun.jnu.encoding" value="UTF-8"/>
    <property name="java.library.path" value="/Users/Paru/Library/Java/Extensions:/Library/Java/Extensions:/Network/Library/Java/Extensions:/System/Library/Java/Extensions:/usr/lib/java:."/>
    <property name="java.specification.name" value="Java Platform API Specification"/>
    <property name="java.class.version" value="52.0"/>
    <property name="sun.management.compiler" value="HotSpot 64-Bit Tiered Compilers"/>
    <property name="os.version" value="10.13.4"/>
    <property name="http.nonProxyHosts" value="local|*.local|169.254/16|*.169.254/16"/>
    <property name="user.home" value="/Users/Paru"/>
    <property name="user.timezone" value="America/New_York"/>
    <property name="java.awt.printerjob" value="sun.lwawt.macosx.CPrinterJob"/>
    <property name="java.specification.version" value="1.8"/>
    <property name="file.encoding" value="UTF-8"/>
    <property name="user.name" value="Paru"/>
    <property name="java.class.path" value="/Applications/IntelliJ IDEA CE.app/Contents/plugins/maven/lib/maven3/boot/plexus-classworlds-2.5.2.jar:/Applications/IntelliJ IDEA CE.app/Contents/lib/idea_rt.jar"/>
    <property name="java.vm.specification.version" value="1.8"/>
    <property name="sun.arch.data.model" value="64"/>
    <property name="java.home" value="/Library/Java/JavaVirtualMachines/jdk1.8.0_131.jdk/Contents/Home/jre"/>
    <property name="sun.java.command" value="org.codehaus.classworlds.Launcher -Didea.version=2018.2.4 install"/>
    <property name="java.specification.vendor" value="Oracle Corporation"/>
    <property name="user.language" value="en"/>
    <property name="awt.toolkit" value="sun.lwawt.macosx.LWCToolkit"/>
    <property name="java.vm.info" value="mixed mode"/>
    <property name="java.version" value="1.8.0_131"/>
    <property name="java.ext.dirs" value="/Users/Paru/Library/Java/Extensions:/Library/Java/JavaVirtualMachines/jdk1.8.0_131.jdk/Contents/Home/jre/lib/ext:/Library/Java/Extensions:/Network/Library/Java/Extensions:/System/Library/Java/Extensions:/usr/lib/java"/>
    <property name="sun.boot.class.path" value="/Library/Java/JavaVirtualMachines/jdk1.8.0_131.jdk/Contents/Home/jre/lib/resources.jar:/Library/Java/JavaVirtualMachines/jdk1.8.0_131.jdk/Contents/Home/jre/lib/rt.jar:/Library/Java/JavaVirtualMachines/jdk1.8.0_131.jdk/Contents/Home/jre/lib/sunrsasign.jar:/Library/Java/JavaVirtualMachines/jdk1.8.0_131.jdk/Contents/Home/jre/lib/jsse.jar:/Library/Java/JavaVirtualMachines/jdk1.8.0_131.jdk/Contents/Home/jre/lib/jce.jar:/Library/Java/JavaVirtualMachines/jdk1.8.0_131.jdk/Contents/Home/jre/lib/charsets.jar:/Library/Java/JavaVirtualMachines/jdk1.8.0_131.jdk/Contents/Home/jre/lib/jfr.jar:/Library/Java/JavaVirtualMachines/jdk1.8.0_131.jdk/Contents/Home/jre/classes"/>
    <property name="java.vendor" value="Oracle Corporation"/>
    <property name="maven.home" value="/Applications/IntelliJ IDEA CE.app/Contents/plugins/maven/lib/maven3"/>
    <property name="file.separator" value="/"/>
    <property name="java.vendor.url.bug" value="http://bugreport.sun.com/bugreport/"/>
    <property name="sun.cpu.endian" value="little"/>
    <property name="sun.io.unicode.encoding" value="UnicodeBig"/>
    <property name="socksNonProxyHosts" value="local|*.local|169.254/16|*.169.254/16"/>
    <property name="ftp.nonProxyHosts" value="local|*.local|169.254/16|*.169.254/16"/>
    <property name="sun.cpu.isalist" value=""/>
  </properties>
  <testcase classname="iPhone.AlertsTest" name="setUp" time="0.421">
    <failure type="java.lang.NullPointerException">java.lang.NullPointerException
	at common.Base.setUp(Base.java:45)
	at sun.reflect.NativeMethodAccessorImpl.invoke0(Native Method)
	at sun.reflect.NativeMethodAccessorImpl.invoke(NativeMethodAccessorImpl.java:62)
	at sun.reflect.DelegatingMethodAccessorImpl.invoke(DelegatingMethodAccessorImpl.java:43)
	at java.lang.reflect.Method.invoke(Method.java:498)
	at org.testng.internal.MethodInvocationHelper.invokeMethod(MethodInvocationHelper.java:85)
	at org.testng.internal.Invoker.invokeConfigurationMethod(Invoker.java:510)
	at org.testng.internal.Invoker.invokeConfigurations(Invoker.java:211)
	at org.testng.internal.Invoker.invokeMethod(Invoker.java:585)
	at org.testng.internal.Invoker.invokeTestMethod(Invoker.java:821)
	at org.testng.internal.Invoker.invokeTestMethods(Invoker.java:1131)
	at org.testng.internal.TestMethodWorker.invokeTestMethods(TestMethodWorker.java:124)
	at org.testng.internal.TestMethodWorker.run(TestMethodWorker.java:108)
	at org.testng.TestRunner.privateRun(TestRunner.java:773)
	at org.testng.TestRunner.run(TestRunner.java:623)
	at org.testng.SuiteRunner.runTest(SuiteRunner.java:357)
	at org.testng.SuiteRunner.runSequentially(SuiteRunner.java:352)
	at org.testng.SuiteRunner.privateRun(SuiteRunner.java:310)
	at org.testng.SuiteRunner.run(SuiteRunner.java:259)
	at org.testng.SuiteRunnerWorker.runSuite(SuiteRunnerWorker.java:52)
	at org.testng.SuiteRunnerWorker.run(SuiteRunnerWorker.java:86)
	at org.testng.TestNG.runSuitesSequentially(TestNG.java:1185)
	at org.testng.TestNG.runSuitesLocally(TestNG.java:1110)
	at org.testng.TestNG.run(TestNG.java:1018)
	at org.apache.maven.surefire.testng.TestNGExecutor.run(TestNGExecutor.java:77)
	at org.apache.maven.surefire.testng.TestNGDirectoryTestSuite.executeMulti(TestNGDirectoryTestSuite.java:159)
	at org.apache.maven.surefire.testng.TestNGDirectoryTestSuite.execute(TestNGDirectoryTestSuite.java:99)
	at org.apache.maven.surefire.testng.TestNGProvider.invoke(TestNGProvider.java:106)
	at sun.reflect.NativeMethodAccessorImpl.invoke0(Native Method)
	at sun.reflect.NativeMethodAccessorImpl.invoke(NativeMethodAccessorImpl.java:62)
	at sun.reflect.DelegatingMethodAccessorImpl.invoke(DelegatingMethodAccessorImpl.java:43)
	at java.lang.reflect.Method.invoke(Method.java:498)
	at org.apache.maven.surefire.util.ReflectionUtils.invokeMethodWithArray(ReflectionUtils.java:189)
	at org.apache.maven.surefire.booter.ProviderFactory$ProviderProxy.invoke(ProviderFactory.java:165)
	at org.apache.maven.surefire.booter.ProviderFactory.invokeProvider(ProviderFactory.java:85)
	at org.apache.maven.surefire.booter.ForkedBooter.runSuitesInProcess(ForkedBooter.java:115)
	at org.apache.maven.surefire.booter.ForkedBooter.main(ForkedBooter.java:75)
</failure>
    <system-out>Configuring TestNG with: org.apache.maven.surefire.testng.conf.TestNG652Configurator@4cc77c2e
</system-out>
  </testcase>
  <testcase classname="iPhone.AlertsTest" name="navigate" time="0.421">
    <skipped/>
  </testcase>
  <testcase classname="iPhone.AlertsTest" name="clickOnAlertPageShowCustomized" time="0">
    <skipped/>
  </testcase>
  <testcase classname="iPhone.AlertsTest" name="cleanUpApp" time="0.001">
    <skipped/>
  </testcase>
  <testcase classname="iPhone.AlertsTest" name="setUp" time="0.001">
    <skipped/>
  </testcase>
  <testcase classname="iPhone.AlertsTest" name="navigate" time="0.001">
    <skipped/>
  </testcase>
  <testcase classname="iPhone.AlertsTest" name="clickOnAlertPageShowOkCancel" time="0">
    <skipped/>
  </testcase>
  <testcase classname="iPhone.AlertsTest" name="cleanUpApp" time="0">
    <skipped/>
  </testcase>
  <testcase classname="iPhone.AlertsTest" name="setUp" time="0">
    <skipped/>
  </testcase>
  <testcase classname="iPhone.AlertsTest" name="navigate" time="0">
    <skipped/>
  </testcase>
  <testcase classname="iPhone.AlertsTest" name="clickOnAlertPageShowSimple" time="0">
    <skipped/>
  </testcase>
  <testcase classname="iPhone.AlertsTest" name="cleanUpApp" time="0">
    <skipped/>
  </testcase>
  <testcase classname="iPhone.AlertsTest" name="setUp" time="0.001">
    <skipped/>
  </testcase>
  <testcase classname="iPhone.AlertsTest" name="navigate" time="0.001">
    <skipped/>
  </testcase>
  <testcase classname="iPhone.AlertsTest" name="clickOnAlertViewShowOkSimple" time="0">
    <skipped/>
  </testcase>
  <testcase classname="iPhone.AlertsTest" name="cleanUpApp" time="0.001">
    <skipped/>
  </testcase>
  <testcase classname="iPhone.ButtonTest" name="setUp" time="0.001">
    <skipped/>
  </testcase>
  <testcase classname="iPhone.ButtonTest" name="navigate" time="0.002">
    <skipped/>
  </testcase>
  <testcase classname="iPhone.ButtonTest" name="clickOnImageButton" time="0">
    <skipped/>
  </testcase>
  <testcase classname="iPhone.ButtonTest" name="cleanUpApp" time="0">
    <skipped/>
  </testcase>
  <testcase classname="iPhone.ButtonTest" name="setUp" time="0.002">
    <skipped/>
  </testcase>
  <testcase classname="iPhone.ButtonTest" name="navigate" time="0.002">
    <skipped/>
  </testcase>
  <testcase classname="iPhone.ButtonTest" name="clickOnbuttonWithImage" time="0.001">
    <skipped/>
  </testcase>
  <testcase classname="iPhone.ButtonTest" name="cleanUpApp" time="0.001">
    <skipped/>
  </testcase>
  <testcase classname="iPhone.PickerTest" name="setUp" time="0.002">
    <skipped/>
  </testcase>
  <testcase classname="iPhone.PickerTest" name="testUIPicker" time="0">
    <skipped/>
  </testcase>
  <testcase classname="iPhone.PickerTest" name="cleanUpApp" time="0.001">
    <skipped/>
  </testcase>
  <testcase classname="iPhone.SegmentTest" name="setUp" time="0.001">
    <skipped/>
  </testcase>
  <testcase classname="iPhone.SegmentTest" name="navigate" time="0.001">
    <skipped/>
  </testcase>
  <testcase classname="iPhone.SegmentTest" name="cuISegementControlStyleBarClick" time="0">
    <skipped/>
  </testcase>
  <testcase classname="iPhone.SegmentTest" name="cleanUpApp" time="0">
    <skipped/>
  </testcase>
  <testcase classname="iPhone.SegmentTest" name="setUp" time="0.001">
    <skipped/>
  </testcase>
  <testcase classname="iPhone.SegmentTest" name="navigate" time="0.001">
    <skipped/>
  </testcase>
  <testcase classname="iPhone.SegmentTest" name="uISegementControlStyleBarImageClick" time="0">
    <skipped/>
  </testcase>
  <testcase classname="iPhone.SegmentTest" name="cleanUpApp" time="0.001">
    <skipped/>
  </testcase>
  <testcase classname="iPhone.SegmentTest" name="setUp" time="0.002">
    <skipped/>
  </testcase>
  <testcase classname="iPhone.SegmentTest" name="navigate" time="0.002">
    <skipped/>
  </testcase>
  <testcase classname="iPhone.SegmentTest" name="uISegementControlStyleBarTintClick" time="0">
    <skipped/>
  </testcase>
  <testcase classname="iPhone.SegmentTest" name="cleanUpApp" time="0">
    <skipped/>
  </testcase>
  <testcase classname="iPhone.SegmentTest" name="setUp" time="0.001">
    <skipped/>
  </testcase>
  <testcase classname="iPhone.SegmentTest" name="navigate" time="0.001">
    <skipped/>
  </testcase>
  <testcase classname="iPhone.SegmentTest" name="uISegementControlStyleBorderedClick" time="0">
    <skipped/>
  </testcase>
  <testcase classname="iPhone.SegmentTest" name="cleanUpApp" time="0">
    <skipped/>
  </testcase>
  <testcase classname="iPhone.SegmentTest" name="setUp" time="0.001">
    <skipped/>
  </testcase>
  <testcase classname="iPhone.SegmentTest" name="navigate" time="0.001">
    <skipped/>
  </testcase>
  <testcase classname="iPhone.SegmentTest" name="uISegementedControlButtonClick" time="0">
    <skipped/>
  </testcase>
  <testcase classname="iPhone.SegmentTest" name="cleanUpApp" time="0.001">
    <skipped/>
  </testcase>
  <testcase classname="iPhone.TextFieldsTest" name="setUp" time="0.002">
    <skipped/>
  </testcase>
  <testcase classname="iPhone.TextFieldsTest" name="navigate" time="0">
    <skipped/>
  </testcase>
  <testcase classname="iPhone.TextFieldsTest" name="cleanUpApp" time="0.001">
    <skipped/>
  </testcase>
</testsuite>